<?xml version="1.0" encoding="utf-8" standalone="no"?>
<test-results xmlns:xsi="http://www.w3.org/2001/XMLSchema-instance" xsi:noNamespaceSchemaLocation="nunit_schema_2.5.xsd" name="Pester" total="28" errors="0" failures="0" not-run="0" inconclusive="0" ignored="0" skipped="2" invalid="0" date="2022-06-30" time="17:47:23">
  <environment cwd="C:\Users\User\repos\TunnelGoons\tests" user-domain="WINDEV2204EVAL" clr-version="Unknown" machine-name="WINDEV2204EVAL" nunit-version="2.5.8.0" user="User" platform="Microsoft Windows 11 Enterprise Evaluation|C:\WINDOWS|\Device\Harddisk0\Partition2" os-version="10.0.22000" />
  <culture-info current-culture="en-US" current-uiculture="en-US" />
  <test-suite type="TestFixture" name="Pester" executed="True" result="Ignored" success="True" time="1.6473" asserts="0" description="Pester">
    <results>
      <test-suite type="TestFixture" name="C:\Users\User\repos\TunnelGoons\tests\Help.tests.ps1" executed="True" result="Success" success="True" time="1.0731" asserts="0" description="C:\Users\User\repos\TunnelGoons\tests\Help.tests.ps1">
        <results>
          <test-suite type="TestFixture" name="Test help for Get-HelloWorld" executed="True" result="Success" success="True" time="0.3958" asserts="0" description="Test help for Get-HelloWorld">
            <results>
              <test-suite type="TestFixture" name="Test help for Get-HelloWorld.Parameter Value" executed="True" result="Success" success="True" time="0.3576" asserts="0" description="Test help for Get-HelloWorld.Parameter Value">
                <results>
                  <test-case description="Has description" name="Test help for Get-HelloWorld.Parameter Value.Has description" time="0.0167" asserts="0" success="True" result="Success" executed="True" />
                  <test-case description="Has correct [mandatory] value" name="Test help for Get-HelloWorld.Parameter Value.Has correct [mandatory] value" time="0.0368" asserts="0" success="True" result="Success" executed="True" />
                  <test-case description="Has correct parameter type" name="Test help for Get-HelloWorld.Parameter Value.Has correct parameter type" time="0.0269" asserts="0" success="True" result="Success" executed="True" />
                </results>
              </test-suite>
              <test-case description="Help is not auto-generated" name="Test help for Get-HelloWorld.Help is not auto-generated" time="0.1697" asserts="0" success="True" result="Success" executed="True" />
              <test-case description="Has description" name="Test help for Get-HelloWorld.Has description" time="0.0246" asserts="0" success="True" result="Success" executed="True" />
              <test-case description="Has example code" name="Test help for Get-HelloWorld.Has example code" time="0.0134" asserts="0" success="True" result="Success" executed="True" />
              <test-case description="Has example help" name="Test help for Get-HelloWorld.Has example help" time="0.0126" asserts="0" success="True" result="Success" executed="True" />
            </results>
          </test-suite>
          <test-suite type="TestFixture" name="Test help for Get-JordanQuote" executed="True" result="Success" success="True" time="0.4963" asserts="0" description="Test help for Get-JordanQuote">
            <results>
              <test-suite type="TestFixture" name="Test help for Get-JordanQuote.Parameter foo" executed="True" result="Success" success="True" time="0.0859" asserts="0" description="Test help for Get-JordanQuote.Parameter foo">
                <results>
                  <test-case description="Has description" name="Test help for Get-JordanQuote.Parameter foo.Has description" time="0.023" asserts="0" success="True" result="Success" executed="True" />
                  <test-case description="Has correct [mandatory] value" name="Test help for Get-JordanQuote.Parameter foo.Has correct [mandatory] value" time="0.0087" asserts="0" success="True" result="Success" executed="True" />
                  <test-case description="Has correct parameter type" name="Test help for Get-JordanQuote.Parameter foo.Has correct parameter type" time="0.0085" asserts="0" success="True" result="Success" executed="True" />
                </results>
              </test-suite>
              <test-case description="Help is not auto-generated" name="Test help for Get-JordanQuote.Help is not auto-generated" time="0.0115" asserts="0" success="True" result="Success" executed="True" />
              <test-case description="Has description" name="Test help for Get-JordanQuote.Has description" time="0.0084" asserts="0" success="True" result="Success" executed="True" />
              <test-case description="Has example code" name="Test help for Get-JordanQuote.Has example code" time="0.007" asserts="0" success="True" result="Success" executed="True" />
              <test-case description="Has example help" name="Test help for Get-JordanQuote.Has example help" time="0.0084" asserts="0" success="True" result="Success" executed="True" />
            </results>
          </test-suite>
        </results>
      </test-suite>
      <test-suite type="TestFixture" name="C:\Users\User\repos\TunnelGoons\tests\Manifest.tests.ps1" executed="True" result="Ignored" success="True" time="0.3541" asserts="0" description="C:\Users\User\repos\TunnelGoons\tests\Manifest.tests.ps1">
        <results>
          <test-suite type="TestFixture" name="Module manifest" executed="True" result="Success" success="True" time="0.1658" asserts="0" description="Module manifest">
            <results>
              <test-suite type="TestFixture" name="Module manifest.Validation" executed="True" result="Success" success="True" time="0.1607" asserts="0" description="Module manifest.Validation">
                <results>
                  <test-case description="Has a valid manifest" name="Module manifest.Validation.Has a valid manifest" time="0.0167" asserts="0" success="True" result="Success" executed="True" />
                  <test-case description="Has a valid name in the manifest" name="Module manifest.Validation.Has a valid name in the manifest" time="0.0108" asserts="0" success="True" result="Success" executed="True" />
                  <test-case description="Has a valid root module" name="Module manifest.Validation.Has a valid root module" time="0.0192" asserts="0" success="True" result="Success" executed="True" />
                  <test-case description="Has a valid version in the manifest" name="Module manifest.Validation.Has a valid version in the manifest" time="0.0123" asserts="0" success="True" result="Success" executed="True" />
                  <test-case description="Has a valid description" name="Module manifest.Validation.Has a valid description" time="0.0236" asserts="0" success="True" result="Success" executed="True" />
                  <test-case description="Has a valid author" name="Module manifest.Validation.Has a valid author" time="0.0108" asserts="0" success="True" result="Success" executed="True" />
                  <test-case description="Has a valid guid" name="Module manifest.Validation.Has a valid guid" time="0.0266" asserts="0" success="True" result="Success" executed="True" />
                  <test-case description="Has a valid copyright" name="Module manifest.Validation.Has a valid copyright" time="0.011" asserts="0" success="True" result="Success" executed="True" />
                  <test-case description="Has a valid version in the changelog" name="Module manifest.Validation.Has a valid version in the changelog" time="0.0097" asserts="0" success="True" result="Success" executed="True" />
                  <test-case description="Changelog and manifest versions are the same" name="Module manifest.Validation.Changelog and manifest versions are the same" time="0.0128" asserts="0" success="True" result="Success" executed="True" />
                </results>
              </test-suite>
            </results>
          </test-suite>
          <test-suite type="TestFixture" name="Git tagging" executed="True" result="Ignored" success="True" time="0.1897" asserts="0" description="Git tagging">
            <results>
              <test-case description="Is tagged with a valid version" name="Git tagging.Is tagged with a valid version" time="0.0129" asserts="0" success="False" result="Ignored" executed="False" />
              <test-case description="Matches manifest version" name="Git tagging.Matches manifest version" time="0.0053" asserts="0" success="False" result="Ignored" executed="False" />
            </results>
          </test-suite>
        </results>
      </test-suite>
      <test-suite type="TestFixture" name="C:\Users\User\repos\TunnelGoons\tests\Meta.tests.ps1" executed="True" result="Success" success="True" time="0.2201" asserts="0" description="C:\Users\User\repos\TunnelGoons\tests\Meta.tests.ps1">
        <results>
          <test-suite type="TestFixture" name="Text files formatting" executed="True" result="Success" success="True" time="0.055" asserts="0" description="Text files formatting">
            <results>
              <test-suite type="TestFixture" name="Text files formatting.File encoding" executed="True" result="Success" success="True" time="0.0315" asserts="0" description="Text files formatting.File encoding">
                <results>
                  <test-case description="No text file uses Unicode/UTF-16 encoding" name="Text files formatting.File encoding.No text file uses Unicode/UTF-16 encoding" time="0.0259" asserts="0" success="True" result="Success" executed="True" />
                </results>
              </test-suite>
              <test-suite type="TestFixture" name="Text files formatting.Indentations" executed="True" result="Success" success="True" time="0.0499" asserts="0" description="Text files formatting.Indentations">
                <results>
                  <test-case description="No text file use tabs for indentations" name="Text files formatting.Indentations.No text file use tabs for indentations" time="0.0116" asserts="0" success="True" result="Success" executed="True" />
                </results>
              </test-suite>
            </results>
          </test-suite>
        </results>
      </test-suite>
    </results>
  </test-suite>
</test-results>